This is pdfTeX, Version 3.141592653-2.6-1.40.24 (MiKTeX 22.8.28) (preloaded format=pdflatex 2022.9.13)  13 SEP 2022 12:53
entering extended mode
 restricted \write18 enabled.
 %&-line parsing enabled.
**./2_3.tex
(2_3.tex
LaTeX2e <2022-06-01> patch level 5
L3 programming layer <2022-08-30>
(C:\Users\Diak\AppData\Local\Programs\MiKTeX\tex/latex/base\article.cls
Document Class: article 2021/10/04 v1.4n Standard LaTeX document class
(C:\Users\Diak\AppData\Local\Programs\MiKTeX\tex/latex/base\size10.clo
File: size10.clo 2021/10/04 v1.4n Standard LaTeX file (size option)
)
\c@part=\count185
\c@section=\count186
\c@subsection=\count187
\c@subsubsection=\count188
\c@paragraph=\count189
\c@subparagraph=\count190
\c@figure=\count191
\c@table=\count192
\abovecaptionskip=\skip47
\belowcaptionskip=\skip48
\bibindent=\dimen138
)
(C:\Users\Diak\AppData\Local\Programs\MiKTeX\tex/generic/babel\babel.sty
Package: babel 2022/08/29 3.79 The Babel package
\babel@savecnt=\count193
\U@D=\dimen139
\l@unhyphenated=\language79

(C:\Users\Diak\AppData\Local\Programs\MiKTeX\tex/generic/babel\txtbabel.def)
\bbl@readstream=\read2
\bbl@dirlevel=\count194

*************************************
* Local config file bblopts.cfg used
*
(C:\Users\Diak\AppData\Local\Programs\MiKTeX\tex/latex/arabi\bblopts.cfg
File: bblopts.cfg 2005/09/08 v0.1 add Arabic and Farsi to "declared" options of
 babel
)
(C:\Users\Diak\AppData\Local\Programs\MiKTeX\tex/latex/babel-hungarian\magyar.l
df
Language: magyar 2019/01/14 v1.5c Magyar (Hungarian) support for babel
Package babel Info: Making ` an active character on input line 2819.
\c@footnote@add=\count195
\c@footnote@ch=\count196
))
(C:\Users\Diak\AppData\Local\Programs\MiKTeX\tex/generic/babel/locale/hu\babel-
magyar.tex
Package babel Info: Importing font and identification data for magyar
(babel)             from babel-hu.ini. Reported on input line 11.
)
(C:\Users\Diak\AppData\Local\Programs\MiKTeX\tex/latex/base\t1enc.sty
Package: t1enc 1994/06/01 Standard LaTeX package
)
(C:\Users\Diak\AppData\Local\Programs\MiKTeX\tex/latex/hulipsum\hulipsum.sty
Package: hulipsum 2020/11/03 v1.1 Hungarian dummy text (Lorum ipse)
\c@hulipsum@count=\count197
)
(C:\Users\Diak\AppData\Local\Programs\MiKTeX\tex/latex/lipsum\lipsum.sty
(C:\Users\Diak\AppData\Local\Programs\MiKTeX\tex/latex/l3packages/l3keys2e\l3ke
ys2e.sty
(C:\Users\Diak\AppData\Local\Programs\MiKTeX\tex/latex/l3kernel\expl3.sty
Package: expl3 2022-08-30 L3 programming layer (loader) 

(C:\Users\Diak\AppData\Local\Programs\MiKTeX\tex/latex/l3backend\l3backend-pdft
ex.def
File: l3backend-pdftex.def 2022-08-30 L3 backend support: PDF output (pdfTeX)
\l__color_backend_stack_int=\count198
\l__pdf_internal_box=\box51
))
Package: l3keys2e 2022-06-22 LaTeX2e option processing using LaTeX3 keys
)
Package: lipsum 2021-09-20 v2.7 150 paragraphs of Lorem Ipsum dummy text
\g__lipsum_par_int=\count199
\l__lipsum_a_int=\count266
\l__lipsum_b_int=\count267

(C:\Users\Diak\AppData\Local\Programs\MiKTeX\tex/latex/lipsum\lipsum.ltd.tex))
(2_3.aux)
\openout1 = `2_3.aux'.

LaTeX Font Info:    Checking defaults for OML/cmm/m/it on input line 10.
LaTeX Font Info:    ... okay on input line 10.
LaTeX Font Info:    Checking defaults for OMS/cmsy/m/n on input line 10.
LaTeX Font Info:    ... okay on input line 10.
LaTeX Font Info:    Checking defaults for OT1/cmr/m/n on input line 10.
LaTeX Font Info:    ... okay on input line 10.
LaTeX Font Info:    Checking defaults for T1/cmr/m/n on input line 10.
LaTeX Font Info:    ... okay on input line 10.
LaTeX Font Info:    Checking defaults for TS1/cmr/m/n on input line 10.
LaTeX Font Info:    ... okay on input line 10.
LaTeX Font Info:    Checking defaults for OMX/cmex/m/n on input line 10.
LaTeX Font Info:    ... okay on input line 10.
LaTeX Font Info:    Checking defaults for U/cmr/m/n on input line 10.
LaTeX Font Info:    ... okay on input line 10.

(C:\Users\Diak\AppData\Local\Programs\MiKTeX\tex/latex/base\article.cls
LaTeX Info: Redefining \cal on input line 497.
LaTeX Info: Redefining \mit on input line 498.
)
LaTeX Font Info:    External font `cmex10' loaded for size
(Font)              <12> on input line 11.
LaTeX Font Info:    External font `cmex10' loaded for size
(Font)              <8> on input line 11.
LaTeX Font Info:    External font `cmex10' loaded for size
(Font)              <6> on input line 11.


LaTeX Warning: No \author given.

LaTeX Font Info:    Trying to load font information for T1+cmtt on input line 1
3.
(C:\Users\Diak\AppData\Local\Programs\MiKTeX\tex/latex/base\t1cmtt.fd
File: t1cmtt.fd 2019/12/16 v2.5j Standard LaTeX font definitions
)
Overfull \hbox (11.75015pt too wide) in paragraph at lines 13--13
[][]\T1/cmtt/m/n/9 Nulla malesuada porttitor diam. Donec felis erat, congue non
,
 []


Overfull \hbox (26.22162pt too wide) in paragraph at lines 13--13
\T1/cmtt/m/n/9 volutpat at, tincidunt tristique, libero. Vivamus viverra fermen
tum
 []


Overfull \hbox (30.94547pt too wide) in paragraph at lines 13--13
\T1/cmtt/m/n/9 felis. Donec nonummy pellentesque ante. Phasellus adipiscing sem
per
 []


Overfull \hbox (7.32623pt too wide) in paragraph at lines 13--13
\T1/cmtt/m/n/9 elit. Proin fermentum massa ac quam. Sed diam turpis, molestie
 []


Overfull \hbox (21.49777pt too wide) in paragraph at lines 13--13
\T1/cmtt/m/n/9 vitae, placerat a, molestie nec, leo. Maecenas lacinia. Nam ipsu
m
 []


Overfull \hbox (26.22162pt too wide) in paragraph at lines 13--13
\T1/cmtt/m/n/9 ligula, eleifend at, accumsan nec, suscipit a, ipsum. Morbi blan
dit
 []


Overfull \hbox (16.77393pt too wide) in paragraph at lines 13--13
\T1/cmtt/m/n/9 ligula feugiat magna. Nunc eleifend consequat lorem. Sed lacinia

 []


Overfull \hbox (21.49777pt too wide) in paragraph at lines 13--13
\T1/cmtt/m/n/9 nulla vitae enim. Pellentesque tincidunt purus vel magna. Intege
r
 []


Overfull \hbox (2.60239pt too wide) in paragraph at lines 13--13
\T1/cmtt/m/n/9 non enim. Praesent euismod nunc eu purus. Donec bibendum quam
 []


Overfull \hbox (40.39316pt too wide) in paragraph at lines 13--13
\T1/cmtt/m/n/9 in tellus. Nullam cursus pulvinar lectus. Donec et mi. Nam vulpu
tate
 []

LaTeX Font Info:    External font `cmex10' loaded for size
(Font)              <9> on input line 15.
LaTeX Font Info:    External font `cmex10' loaded for size
(Font)              <5> on input line 15.

Overfull \hbox (21.19785pt too wide) in paragraph at lines 13--16
[]\T1/cmtt/m/n/9 Quisque ullamcorper placerat ipsum. Cras nibh. Morbi vel justo

 []


Overfull \hbox (49.84085pt too wide) in paragraph at lines 13--16
\T1/cmtt/m/n/9 vitae lacus tincidunt ultrices. Lorem ipsum dolor sit amet, cons
ectetuer
 []


Overfull \hbox (21.49777pt too wide) in paragraph at lines 13--16
\T1/cmtt/m/n/9 adipiscing elit. In hac habitasse platea dictumst. Integer tempu
s
 []


Overfull \hbox (16.77393pt too wide) in paragraph at lines 13--16
\T1/cmtt/m/n/9 convallis augue. Etiam facilisis. Nunc elementum fermentum wisi.

 []


Overfull \hbox (26.22162pt too wide) in paragraph at lines 13--16
\T1/cmtt/m/n/9 Aenean placerat. Ut imperdiet, enim sed gravida sollicitudin, fe
lis
 []


Overfull \hbox (12.05008pt too wide) in paragraph at lines 13--16
\T1/cmtt/m/n/9 odio placerat quam, ac pulvinar elit purus eget enim. Nunc vitae

 []


Overfull \hbox (26.22162pt too wide) in paragraph at lines 13--16
\T1/cmtt/m/n/9 tortor. Proin tempus nibh sit amet nisl. Vivamus quis tortor vit
ae
 []

(2_3.toc
LaTeX Font Info:    External font `cmex10' loaded for size
(Font)              <7> on input line 2.
 [1


{C:/Users/Diak/AppData/Local/MiKTeX/fonts/map/pdftex/pdftex.map}])
\tf@toc=\write3
\openout3 = `2_3.toc'.


[2] [1

] [2] (2_3.toc)
\tf@toc=\write4
\openout4 = `2_3.toc'.


Underfull \hbox (badness 10000) in paragraph at lines 48--52

 []

[3] (2_3.aux) ) 
Here is how much of TeX's memory you used:
 3110 strings out of 475389
 60559 string characters out of 2777472
 660600 words of memory out of 3000000
 24494 multiletter control sequences out of 15000+600000
 482021 words of font info for 53 fonts, out of 8000000 for 9000
 1141 hyphenation exceptions out of 8191
 72i,8n,77p,1866b,363s stack positions out of 10000i,1000n,20000p,200000b,80000s
 <C:\Users\Diak\AppData\Local\MiKTeX\fonts/pk/ljfour/jknappen/ec
/dpi600\ecbx1200.pk> <C:\Users\Diak\AppData\Local\MiKTeX\fonts/pk/ljfour/jknapp
en/ec/dpi600\ecrm0800.pk> <C:\Users\Diak\AppData\Local\MiKTeX\fonts/pk/ljfour/j
knappen/ec/dpi600\ecrm1000.pk> <C:\Users\Diak\AppData\Local\MiKTeX\fonts/pk/ljf
our/jknappen/ec/dpi600\ecbx1000.pk> <C:\Users\Diak\AppData\Local\MiKTeX\fonts/p
k/ljfour/jknappen/ec/dpi600\ecbx1440.pk> <C:\Users\Diak\AppData\Local\MiKTeX\fo
nts/pk/ljfour/jknappen/ec/dpi600\tcrm0600.pk> <C:\Users\Diak\AppData\Local\MiKT
eX\fonts/pk/ljfour/jknappen/ec/dpi600\ectt0900.pk> <C:\Users\Diak\AppData\Local
\MiKTeX\fonts/pk/ljfour/jknappen/ec/dpi600\ecbx0900.pk> <C:\Users\Diak\AppData\
Local\MiKTeX\fonts/pk/ljfour/jknappen/ec/dpi600\ecrm1200.pk> <C:\Users\Diak\App
Data\Local\MiKTeX\fonts/pk/ljfour/jknappen/ec/dpi600\ecrm1728.pk>
Output written on 2_3.pdf (5 pages, 95264 bytes).
PDF statistics:
 297 PDF objects out of 1000 (max. 8388607)
 0 named destinations out of 1000 (max. 500000)
 1 words of extra memory for PDF output out of 10000 (max. 10000000)

