This is pdfTeX, Version 3.141592653-2.6-1.40.24 (MiKTeX 22.8.28) (preloaded format=pdflatex 2022.9.13)  13 SEP 2022 13:33
entering extended mode
 restricted \write18 enabled.
 %&-line parsing enabled.
**./2_6.tex
(2_6.tex
LaTeX2e <2022-06-01> patch level 5
L3 programming layer <2022-08-30>
(C:\Users\Diak\AppData\Local\Programs\MiKTeX\tex/latex/base\article.cls
Document Class: article 2021/10/04 v1.4n Standard LaTeX document class
(C:\Users\Diak\AppData\Local\Programs\MiKTeX\tex/latex/base\size10.clo
File: size10.clo 2021/10/04 v1.4n Standard LaTeX file (size option)
)
\c@part=\count185
\c@section=\count186
\c@subsection=\count187
\c@subsubsection=\count188
\c@paragraph=\count189
\c@subparagraph=\count190
\c@figure=\count191
\c@table=\count192
\abovecaptionskip=\skip47
\belowcaptionskip=\skip48
\bibindent=\dimen138
)
(C:\Users\Diak\AppData\Local\Programs\MiKTeX\tex/generic/babel\babel.sty
Package: babel 2022/08/29 3.79 The Babel package
\babel@savecnt=\count193
\U@D=\dimen139
\l@unhyphenated=\language79

(C:\Users\Diak\AppData\Local\Programs\MiKTeX\tex/generic/babel\txtbabel.def)
\bbl@readstream=\read2
\bbl@dirlevel=\count194

*************************************
* Local config file bblopts.cfg used
*
(C:\Users\Diak\AppData\Local\Programs\MiKTeX\tex/latex/arabi\bblopts.cfg
File: bblopts.cfg 2005/09/08 v0.1 add Arabic and Farsi to "declared" options of
 babel
)
(C:\Users\Diak\AppData\Local\Programs\MiKTeX\tex/latex/babel-hungarian\magyar.l
df
Language: magyar 2019/01/14 v1.5c Magyar (Hungarian) support for babel
Package babel Info: Making ` an active character on input line 2819.
\c@footnote@add=\count195
\c@footnote@ch=\count196
))
(C:\Users\Diak\AppData\Local\Programs\MiKTeX\tex/generic/babel/locale/hu\babel-
magyar.tex
Package babel Info: Importing font and identification data for magyar
(babel)             from babel-hu.ini. Reported on input line 11.
)
(C:\Users\Diak\AppData\Local\Programs\MiKTeX\tex/latex/base\t1enc.sty
Package: t1enc 1994/06/01 Standard LaTeX package
)
(C:\Users\Diak\AppData\Local\Programs\MiKTeX\tex/latex/hulipsum\hulipsum.sty
Package: hulipsum 2020/11/03 v1.1 Hungarian dummy text (Lorum ipse)
\c@hulipsum@count=\count197
)
(C:\Users\Diak\AppData\Local\Programs\MiKTeX\tex/latex/lipsum\lipsum.sty
(C:\Users\Diak\AppData\Local\Programs\MiKTeX\tex/latex/l3packages/l3keys2e\l3ke
ys2e.sty
(C:\Users\Diak\AppData\Local\Programs\MiKTeX\tex/latex/l3kernel\expl3.sty
Package: expl3 2022-08-30 L3 programming layer (loader) 

(C:\Users\Diak\AppData\Local\Programs\MiKTeX\tex/latex/l3backend\l3backend-pdft
ex.def
File: l3backend-pdftex.def 2022-08-30 L3 backend support: PDF output (pdfTeX)
\l__color_backend_stack_int=\count198
\l__pdf_internal_box=\box51
))
Package: l3keys2e 2022-06-22 LaTeX2e option processing using LaTeX3 keys
)
Package: lipsum 2021-09-20 v2.7 150 paragraphs of Lorem Ipsum dummy text
\g__lipsum_par_int=\count199
\l__lipsum_a_int=\count266
\l__lipsum_b_int=\count267

(C:\Users\Diak\AppData\Local\Programs\MiKTeX\tex/latex/lipsum\lipsum.ltd.tex))
(C:\Users\Diak\AppData\Local\Programs\MiKTeX\tex/latex/geometry\geometry.sty
Package: geometry 2020/01/02 v5.9 Page Geometry

(C:\Users\Diak\AppData\Local\Programs\MiKTeX\tex/latex/graphics\keyval.sty
Package: keyval 2022/05/29 v1.15 key=value parser (DPC)
\KV@toks@=\toks16
)
(C:\Users\Diak\AppData\Local\Programs\MiKTeX\tex/generic/iftex\ifvtex.sty
Package: ifvtex 2019/10/25 v1.7 ifvtex legacy package. Use iftex instead.

(C:\Users\Diak\AppData\Local\Programs\MiKTeX\tex/generic/iftex\iftex.sty
Package: iftex 2022/02/03 v1.0f TeX engine tests
))
\Gm@cnth=\count268
\Gm@cntv=\count269
\c@Gm@tempcnt=\count270
\Gm@bindingoffset=\dimen140
\Gm@wd@mp=\dimen141
\Gm@odd@mp=\dimen142
\Gm@even@mp=\dimen143
\Gm@layoutwidth=\dimen144
\Gm@layoutheight=\dimen145
\Gm@layouthoffset=\dimen146
\Gm@layoutvoffset=\dimen147
\Gm@dimlist=\toks17

(C:\Users\Diak\AppData\Local\Programs\MiKTeX\tex/latex/geometry\geometry.cfg))
(2_6.aux)
\openout1 = `2_6.aux'.

LaTeX Font Info:    Checking defaults for OML/cmm/m/it on input line 16.
LaTeX Font Info:    ... okay on input line 16.
LaTeX Font Info:    Checking defaults for OMS/cmsy/m/n on input line 16.
LaTeX Font Info:    ... okay on input line 16.
LaTeX Font Info:    Checking defaults for OT1/cmr/m/n on input line 16.
LaTeX Font Info:    ... okay on input line 16.
LaTeX Font Info:    Checking defaults for T1/cmr/m/n on input line 16.
LaTeX Font Info:    ... okay on input line 16.
LaTeX Font Info:    Checking defaults for TS1/cmr/m/n on input line 16.
LaTeX Font Info:    ... okay on input line 16.
LaTeX Font Info:    Checking defaults for OMX/cmex/m/n on input line 16.
LaTeX Font Info:    ... okay on input line 16.
LaTeX Font Info:    Checking defaults for U/cmr/m/n on input line 16.
LaTeX Font Info:    ... okay on input line 16.

*geometry* driver: auto-detecting
*geometry* detected driver: pdftex
*geometry* verbose mode - [ preamble ] result:
* driver: pdftex
* paper: <default>
* layout: <same size as paper>
* layoutoffset:(h,v)=(0.0pt,0.0pt)
* bindingoffset: 28.45274pt
* modes: twoside 
* h-part:(L,W,R)=(85.35826pt, 358.22021pt, 142.26378pt)
* v-part:(T,H,B)=(95.39737pt, 556.47656pt, 143.09605pt)
* \paperwidth=614.295pt
* \paperheight=794.96999pt
* \textwidth=358.22021pt
* \textheight=556.47656pt
* \oddsidemargin=41.54102pt
* \evensidemargin=69.99379pt
* \topmargin=-13.87262pt
* \headheight=12.0pt
* \headsep=25.0pt
* \topskip=10.0pt
* \footskip=30.0pt
* \marginparwidth=48.0pt
* \marginparsep=10.0pt
* \columnsep=85.35826pt
* \skip\footins=9.0pt plus 4.0pt minus 2.0pt
* \hoffset=0.0pt
* \voffset=0.0pt
* \mag=1000
* \@twocolumntrue
* \@twosidetrue
* \@mparswitchtrue
* \@reversemarginfalse
* (1in=72.27pt=25.4mm, 1cm=28.453pt)

(C:\Users\Diak\AppData\Local\Programs\MiKTeX\tex/latex/base\article.cls
LaTeX Info: Redefining \cal on input line 497.
LaTeX Info: Redefining \mit on input line 498.
)
LaTeX Font Info:    External font `cmex10' loaded for size
(Font)              <12> on input line 17.
LaTeX Font Info:    External font `cmex10' loaded for size
(Font)              <8> on input line 17.
LaTeX Font Info:    External font `cmex10' loaded for size
(Font)              <6> on input line 17.


LaTeX Warning: No \author given.

LaTeX Font Info:    Trying to load font information for T1+cmtt on input line 1
9.
(C:\Users\Diak\AppData\Local\Programs\MiKTeX\tex/latex/base\t1cmtt.fd
File: t1cmtt.fd 2019/12/16 v2.5j Standard LaTeX font definitions
)
Underfull \hbox (badness 10000) in paragraph at lines 19--19
[]\T1/cmtt/m/n/10 Nulla malesuada porttitor
 []


Underfull \hbox (badness 10000) in paragraph at lines 19--19
\T1/cmtt/m/n/10 diam. Donec felis erat,
 []


Underfull \hbox (badness 10000) in paragraph at lines 19--19
\T1/cmtt/m/n/10 congue non, volutpat
 []


Underfull \hbox (badness 10000) in paragraph at lines 19--19
\T1/cmtt/m/n/10 at, tincidunt tristique,
 []


Underfull \hbox (badness 10000) in paragraph at lines 19--19
\T1/cmtt/m/n/10 libero. Vivamus viverra
 []


Underfull \hbox (badness 10000) in paragraph at lines 19--19
\T1/cmtt/m/n/10 fermentum felis. Donec
 []


Underfull \hbox (badness 10000) in paragraph at lines 19--19
\T1/cmtt/m/n/10 nonummy pellentesque
 []


Underfull \hbox (badness 10000) in paragraph at lines 19--19
\T1/cmtt/m/n/10 ante. Phasellus
 []


Underfull \hbox (badness 10000) in paragraph at lines 19--19
\T1/cmtt/m/n/10 adipiscing semper elit.
 []


Underfull \hbox (badness 10000) in paragraph at lines 19--19
\T1/cmtt/m/n/10 Proin fermentum massa
 []


Underfull \hbox (badness 10000) in paragraph at lines 19--19
\T1/cmtt/m/n/10 ac quam. Sed diam
 []


Underfull \hbox (badness 10000) in paragraph at lines 19--19
\T1/cmtt/m/n/10 turpis, molestie vitae,
 []


Underfull \hbox (badness 10000) in paragraph at lines 19--19
\T1/cmtt/m/n/10 placerat a, molestie
 []


Underfull \hbox (badness 10000) in paragraph at lines 19--19
\T1/cmtt/m/n/10 nec, leo. Maecenas
 []


Underfull \hbox (badness 10000) in paragraph at lines 19--19
\T1/cmtt/m/n/10 lacinia. Nam ipsum
 []


Underfull \hbox (badness 10000) in paragraph at lines 19--19
\T1/cmtt/m/n/10 ligula, eleifend at,
 []


Underfull \hbox (badness 10000) in paragraph at lines 19--19
\T1/cmtt/m/n/10 accumsan nec, suscipit
 []


Underfull \hbox (badness 10000) in paragraph at lines 19--19
\T1/cmtt/m/n/10 a, ipsum. Morbi blandit
 []


Underfull \hbox (badness 10000) in paragraph at lines 19--19
\T1/cmtt/m/n/10 ligula feugiat magna.
 []


Underfull \hbox (badness 10000) in paragraph at lines 19--19
\T1/cmtt/m/n/10 Nunc eleifend consequat
 []


Underfull \hbox (badness 10000) in paragraph at lines 19--19
\T1/cmtt/m/n/10 lorem. Sed lacinia nulla
 []


Underfull \hbox (badness 10000) in paragraph at lines 19--19
\T1/cmtt/m/n/10 vitae enim. Pellentesque
 []


Underfull \hbox (badness 10000) in paragraph at lines 19--19
\T1/cmtt/m/n/10 tincidunt purus vel
 []


Underfull \hbox (badness 10000) in paragraph at lines 19--19
\T1/cmtt/m/n/10 magna. Integer non
 []


Underfull \hbox (badness 10000) in paragraph at lines 19--19
\T1/cmtt/m/n/10 enim. Praesent euismod
 []


Underfull \hbox (badness 10000) in paragraph at lines 19--19
\T1/cmtt/m/n/10 nunc eu purus. Donec
 []


Underfull \hbox (badness 10000) in paragraph at lines 19--19
\T1/cmtt/m/n/10 bibendum quam in tellus.
 []


Underfull \hbox (badness 10000) in paragraph at lines 19--19
\T1/cmtt/m/n/10 Nullam cursus pulvinar
 []


Underfull \hbox (badness 10000) in paragraph at lines 19--19
\T1/cmtt/m/n/10 lectus. Donec et mi.
 []


Underfull \hbox (badness 10000) in paragraph at lines 19--19
\T1/cmtt/m/n/10 Nam vulputate metus
 []


Underfull \hbox (badness 10000) in paragraph at lines 19--19
\T1/cmtt/m/n/10 eu enim. Vestibulum
 []


Underfull \hbox (badness 10000) in paragraph at lines 19--19
\T1/cmtt/m/n/10 pellentesque felis eu
 []

LaTeX Font Info:    External font `cmex10' loaded for size
(Font)              <7> on input line 21.
LaTeX Font Info:    External font `cmex10' loaded for size
(Font)              <5> on input line 21.

Underfull \hbox (badness 10000) in paragraph at lines 19--27
[]\T1/cmtt/m/n/10 Quisque ullamcorper
 []


Underfull \hbox (badness 10000) in paragraph at lines 19--27
\T1/cmtt/m/n/10 placerat ipsum. Cras
 []


Underfull \hbox (badness 10000) in paragraph at lines 19--27
\T1/cmtt/m/n/10 nibh. Morbi vel justo
 []


Underfull \hbox (badness 10000) in paragraph at lines 19--27
\T1/cmtt/m/n/10 vitae lacus tincidunt
 []


Underfull \hbox (badness 10000) in paragraph at lines 19--27
\T1/cmtt/m/n/10 ultrices. Lorem
 []


Underfull \hbox (badness 10000) in paragraph at lines 19--27
\T1/cmtt/m/n/10 ipsum dolor sit amet,
 []


Underfull \hbox (badness 10000) in paragraph at lines 19--27
\T1/cmtt/m/n/10 consectetuer adipiscing
 []


Underfull \hbox (badness 10000) in paragraph at lines 19--27
\T1/cmtt/m/n/10 elit. In hac habitasse
 []


Underfull \hbox (badness 10000) in paragraph at lines 19--27
\T1/cmtt/m/n/10 platea dictumst. Integer
 []


Underfull \hbox (badness 10000) in paragraph at lines 19--27
\T1/cmtt/m/n/10 tempus convallis augue.
 []


Underfull \hbox (badness 10000) in paragraph at lines 19--27
\T1/cmtt/m/n/10 Etiam facilisis. Nunc
 []


Underfull \hbox (badness 10000) in paragraph at lines 19--27
\T1/cmtt/m/n/10 elementum fermentum
 []


Underfull \hbox (badness 10000) in paragraph at lines 19--27
\T1/cmtt/m/n/10 wisi. Aenean placerat.
 []


Underfull \hbox (badness 10000) in paragraph at lines 19--27
\T1/cmtt/m/n/10 Ut imperdiet, enim sed
 []


Underfull \hbox (badness 10000) in paragraph at lines 19--27
\T1/cmtt/m/n/10 gravida sollicitudin,
 []


Underfull \hbox (badness 10000) in paragraph at lines 19--27
\T1/cmtt/m/n/10 felis odio placerat quam,
 []


Underfull \hbox (badness 10000) in paragraph at lines 19--27
\T1/cmtt/m/n/10 ac pulvinar elit purus
 []


Underfull \hbox (badness 10000) in paragraph at lines 19--27
\T1/cmtt/m/n/10 eget enim. Nunc vitae
 []


Underfull \hbox (badness 10000) in paragraph at lines 19--27
\T1/cmtt/m/n/10 tortor. Proin tempus
 []


Underfull \hbox (badness 10000) in paragraph at lines 19--27
\T1/cmtt/m/n/10 nibh sit amet nisl.
 []


Underfull \hbox (badness 10000) in paragraph at lines 19--27
\T1/cmtt/m/n/10 Vivamus quis tortor vitae
 []


Underfull \hbox (badness 10000) in paragraph at lines 19--27
\T1/cmtt/m/n/10 risus porta vehicula.
 []


Underfull \vbox (badness 1337) has occurred while \output is active []


Underfull \hbox (badness 3579) in paragraph at lines 27--27
[]\T1/cmr/bx/n/14.4 MI FO-LYIK ITT
 []

(2_6.toc [1{C:/Users/Diak/AppData/Local/MiKTeX/fonts/map/pdftex/pdftex.map}



]
Overfull \hbox (34.02742pt too wide) in paragraph at lines 9--9
 [][] []\T1/cmr/m/n/10 2 []  
 []

)
\tf@toc=\write3
\openout3 = `2_6.toc'.


Overfull \vbox (5.6419pt too high) has occurred while \output is active []


[2

]
Underfull \hbox (badness 10000) in paragraph at lines 40--40
[]\T1/cmr/bx/n/14.4 post trau-ma-tic
 []


Overfull \vbox (2.28217pt too high) has occurred while \output is active []


[1

]
Underfull \hbox (badness 4726) in paragraph at lines 51--51
\T1/cmr/m/n/10 tel-lus, ac ve-ne-na-tis
 []


Underfull \hbox (badness 7151) in paragraph at lines 51--51
\T1/cmr/m/n/10 arcu wisi vel nisl.
 []


Underfull \hbox (badness 10000) in paragraph at lines 51--51
\T1/cmr/m/n/10 Ve-sti-bu-lum diam.
 []


Underfull \hbox (badness 10000) in paragraph at lines 51--51
\T1/cmr/m/n/10 au-gue quis sa-git-tis
 []


Underfull \hbox (badness 2671) in paragraph at lines 51--51
\T1/cmr/m/n/10 port-ti-tor. Ve-sti-bu-
 []


Underfull \hbox (badness 10000) in paragraph at lines 51--51
\T1/cmr/m/n/10 eu la-cus com-modo
 []


Underfull \hbox (badness 7649) in paragraph at lines 51--51
\T1/cmr/m/n/10 eu, so-da-les cur-sus,
 []


Underfull \hbox (badness 1769) in paragraph at lines 51--51
\T1/cmr/m/n/10 stas dui, et con-val-
 []


Overfull \vbox (5.6419pt too high) has occurred while \output is active []


[2]
Underfull \hbox (badness 10000) in paragraph at lines 52--52
[]\T1/cmr/m/n/10 E haj-
 []


Underfull \hbox (badness 10000) in paragraph at lines 52--52
\T1/cmr/m/n/10 ci-h® hit-
 []


Underfull \hbox (badness 10000) in paragraph at lines 52--52
\T1/cmr/m/n/10 let-ke-re a
 []


Underfull \hbox (badness 5475) in paragraph at lines 52--52
\T1/cmr/m/n/10 te-z® cu-kak
 []


Underfull \hbox (badness 10000) in paragraph at lines 52--52
\T1/cmr/m/n/10 szam-is-
 []


Underfull \hbox (badness 10000) in paragraph at lines 52--52
\T1/cmr/m/n/10 ság ál-tal
 []


Underfull \hbox (badness 10000) in paragraph at lines 52--52
\T1/cmr/m/n/10 hos-kony
 []


Underfull \hbox (badness 1817) in paragraph at lines 52--52
\T1/cmr/m/n/10 2002'' zöl-di
 []


Underfull \hbox (badness 10000) in paragraph at lines 52--52
\T1/cmr/m/n/10 t® do-tang
 []


Underfull \hbox (badness 10000) in paragraph at lines 52--52
\T1/cmr/m/n/10 vé-gén 164
 []


Underfull \hbox (badness 10000) in paragraph at lines 52--52
\T1/cmr/m/n/10 te-rek nyá-
 []


Underfull \hbox (badness 10000) in paragraph at lines 52--52
\T1/cmr/m/n/10 koz-ta meg
 []


Underfull \hbox (badness 3965) in paragraph at lines 52--52
\T1/cmr/m/n/10 dást, hogy
 []


Underfull \hbox (badness 10000) in paragraph at lines 52--52
\T1/cmr/m/n/10 kör-pes-tik
 []


Underfull \hbox (badness 1087) in paragraph at lines 52--52
\T1/cmr/m/n/10 sze-rint osz-
 []


Underfull \hbox (badness 2818) in paragraph at lines 52--52
\T1/cmr/m/n/10 koz-ja. A
 []


Underfull \hbox (badness 10000) in paragraph at lines 52--52
\T1/cmr/m/n/10 ma-to-sak
 []


Underfull \hbox (badness 10000) in paragraph at lines 52--52
\T1/cmr/m/n/10 te-nyé-ké-
 []


Underfull \hbox (badness 10000) in paragraph at lines 52--52
\T1/cmr/m/n/10 ben je-tes
 []


Underfull \hbox (badness 10000) in paragraph at lines 52--52
\T1/cmr/m/n/10 és cser-kes
 []


Underfull \hbox (badness 10000) in paragraph at lines 52--52
\T1/cmr/m/n/10 és sze-ges
 []


Underfull \hbox (badness 10000) in paragraph at lines 52--52
\T1/cmr/m/n/10 h¶t-le-tek,
 []


Underfull \hbox (badness 10000) in paragraph at lines 52--52
\T1/cmr/m/n/10 íbi-szek
 []


Underfull \hbox (badness 10000) in paragraph at lines 52--52
\T1/cmr/m/n/10 te-re-kei,
 []


Underfull \hbox (badness 10000) in paragraph at lines 52--52
\T1/cmr/m/n/10 eme-nek,
 []


Underfull \hbox (badness 10000) in paragraph at lines 52--52
\T1/cmr/m/n/10 duga-zo-nok,
 []


Underfull \hbox (badness 10000) in paragraph at lines 52--52
\T1/cmr/m/n/10 anya-tos
 []


Underfull \hbox (badness 10000) in paragraph at lines 52--52
\T1/cmr/m/n/10 pár-gya-kok,
 []


Underfull \hbox (badness 10000) in paragraph at lines 52--52
\T1/cmr/m/n/10 anya-tos
 []


Underfull \hbox (badness 2189) in paragraph at lines 52--52
\T1/cmr/m/n/10 zi-mik vonk
 []


Underfull \hbox (badness 10000) in paragraph at lines 52--52
\T1/cmr/m/n/10 bolta-ma-
 []


Underfull \hbox (badness 10000) in paragraph at lines 52--52
\T1/cmr/m/n/10 ga-i-nak
 []


Underfull \hbox (badness 10000) in paragraph at lines 52--52
\T1/cmr/m/n/10 nyuk-szai
 []


Underfull \hbox (badness 10000) in paragraph at lines 52--52
\T1/cmr/m/n/10 kör-pes-ti-
 []


Underfull \hbox (badness 10000) in paragraph at lines 52--52
\T1/cmr/m/n/10 b®l bu-cig
 []


Underfull \hbox (badness 10000) in paragraph at lines 52--52
\T1/cmr/m/n/10 fok-ság-ra
 []


Underfull \hbox (badness 2970) in paragraph at lines 52--52
\T1/cmr/m/n/10 kel-lett sza-
 []


Underfull \hbox (badness 10000) in paragraph at lines 52--52
\T1/cmr/m/n/10 ság ri-ke
 []


Underfull \hbox (badness 10000) in paragraph at lines 52--52
\T1/cmr/m/n/10 bu-ca nyir-
 []


Underfull \hbox (badness 10000) in paragraph at lines 52--52
\T1/cmr/m/n/10 kál-kod-nia.
 []


Underfull \hbox (badness 10000) in paragraph at lines 52--52
\T1/cmr/m/n/10 A kar-mat-
 []


Underfull \hbox (badness 10000) in paragraph at lines 52--52
\T1/cmr/m/n/10 lan et-let-re
 []


Underfull \hbox (badness 10000) in paragraph at lines 52--52
\T1/cmr/m/n/10 a ma-to-sak
 []


Underfull \hbox (badness 10000) in paragraph at lines 52--52
\T1/cmr/m/n/10 hö-rö-köd-te
 []


Underfull \hbox (badness 2035) in paragraph at lines 52--52
\T1/cmr/m/n/10 vissza ped-
 []


Underfull \hbox (badness 10000) in paragraph at lines 52--52
\T1/cmr/m/n/10 nes-sé-gét,
 []


Underfull \hbox (badness 10000) in paragraph at lines 52--52
\T1/cmr/m/n/10 fok-sá-go-kat
 []


Underfull \hbox (badness 1436) in paragraph at lines 52--52
\T1/cmr/m/n/10 a nyuk-szok
 []


Underfull \hbox (badness 10000) in paragraph at lines 52--52
\T1/cmr/m/n/10 kö-zött is,
 []


Underfull \hbox (badness 1688) in paragraph at lines 52--52
\T1/cmr/m/n/10 így a ped-
 []


Underfull \hbox (badness 10000) in paragraph at lines 52--52
\T1/cmr/m/n/10 nes-sé-gek
 []


Underfull \hbox (badness 10000) in paragraph at lines 52--52
\T1/cmr/m/n/10 sze-re-di
 []


Underfull \hbox (badness 10000) in paragraph at lines 52--52
\T1/cmr/m/n/10 a szá-zat.
 []


Underfull \hbox (badness 10000) in paragraph at lines 52--52
\T1/cmr/m/n/10 A ta-lan
 []


Underfull \hbox (badness 10000) in paragraph at lines 52--52
\T1/cmr/m/n/10 szá-nu-mok
 []


Underfull \hbox (badness 10000) in paragraph at lines 52--52
\T1/cmr/m/n/10 ban-órá-ba
 []


Underfull \hbox (badness 10000) in paragraph at lines 52--52
\T1/cmr/m/n/10 trá-sá-nak
 []


Underfull \hbox (badness 10000) in paragraph at lines 52--52
\T1/cmr/m/n/10 csa-li-tá-sa
 []


Underfull \hbox (badness 10000) in paragraph at lines 52--52
\T1/cmr/m/n/10 pe-dig az
 []


Underfull \hbox (badness 7613) in paragraph at lines 52--52
\T1/cmr/m/n/10 volt, hogy
 []


Underfull \hbox (badness 10000) in paragraph at lines 52--52
\T1/cmr/m/n/10 gy¶-r¶-jük
 []


Underfull \hbox (badness 10000) in paragraph at lines 52--52
\T1/cmr/m/n/10 sze-rint
 []


Underfull \hbox (badness 10000) in paragraph at lines 52--52
\T1/cmr/m/n/10 zon-tát
 []


Underfull \hbox (badness 10000) in paragraph at lines 52--52
\T1/cmr/m/n/10 ny¶g-l®d-
 []


Underfull \hbox (badness 4556) in paragraph at lines 52--52
\T1/cmr/m/n/10 jék, il-let-ve
 []


Underfull \hbox (badness 10000) in paragraph at lines 52--52
\T1/cmr/m/n/10 ha le-het,
 []


Underfull \hbox (badness 10000) in paragraph at lines 52--52
\T1/cmr/m/n/10 ramba-lat-ba
 []


Underfull \hbox (badness 10000) in paragraph at lines 52--52
\T1/cmr/m/n/10 hu-nyít-
 []


Underfull \hbox (badness 10000) in paragraph at lines 52--52
\T1/cmr/m/n/10 sa-nak
 []


Underfull \hbox (badness 10000) in paragraph at lines 52--52
\T1/cmr/m/n/10 zon-tá-val.
 []


Underfull \hbox (badness 1087) in paragraph at lines 52--52
\T1/cmr/m/n/10 A se-rem-esz
 []


Underfull \hbox (badness 10000) in paragraph at lines 52--52
\T1/cmr/m/n/10 bé-kom-
 []


Underfull \hbox (badness 10000) in paragraph at lines 52--52
\T1/cmr/m/n/10 zás iza-ta
 []


Underfull \hbox (badness 10000) in paragraph at lines 52--52
\T1/cmr/m/n/10 ször-vér-ked-
 []


Underfull \hbox (badness 10000) in paragraph at lines 52--52
\T1/cmr/m/n/10 te, ge-nus
 []


Underfull \hbox (badness 10000) in paragraph at lines 52--52
\T1/cmr/m/n/10 ma-sta el,
 []


Underfull \hbox (badness 1496) in paragraph at lines 52--52
\T1/cmr/m/n/10 il-let-ve bing
 []


Underfull \hbox (badness 10000) in paragraph at lines 52--52
\T1/cmr/m/n/10 lész-te ki
 []


Underfull \hbox (badness 10000) in paragraph at lines 52--52
\T1/cmr/m/n/10 kor-mo-sát
 []


Underfull \hbox (badness 10000) in paragraph at lines 52--52
\T1/cmr/m/n/10 ez-zel a
 []


Underfull \hbox (badness 10000) in paragraph at lines 52--52
\T1/cmr/m/n/10 tron-nyal
 []


Underfull \vbox (badness 10000) has occurred while \output is active []


Overfull \vbox (2.28217pt too high) has occurred while \output is active []


[3]
Underfull \hbox (badness 10000) in paragraph at lines 52--53
[]\T1/cmr/m/n/10 Az itt
 []


Underfull \hbox (badness 10000) in paragraph at lines 52--53
\T1/cmr/m/n/10 képí-t®k
 []


Underfull \hbox (badness 10000) in paragraph at lines 52--53
\T1/cmr/m/n/10 kesér-mé-lyi-
 []


Underfull \hbox (badness 10000) in paragraph at lines 52--53
\T1/cmr/m/n/10 nek anyás
 []


Underfull \hbox (badness 10000) in paragraph at lines 52--53
\T1/cmr/m/n/10 bo-hor-té-kot
 []


Underfull \hbox (badness 10000) in paragraph at lines 52--53
\T1/cmr/m/n/10 csa-pol-nak.
 []


Underfull \hbox (badness 10000) in paragraph at lines 52--53
\T1/cmr/m/n/10 A from
 []


Underfull \hbox (badness 10000) in paragraph at lines 52--53
\T1/cmr/m/n/10 pon-got
 []


Underfull \hbox (badness 10000) in paragraph at lines 52--53
\T1/cmr/m/n/10 masz-li-zál,
 []


Underfull \hbox (badness 10000) in paragraph at lines 52--53
\T1/cmr/m/n/10 hogy a
 []


Underfull \hbox (badness 10000) in paragraph at lines 52--53
\T1/cmr/m/n/10 nyom-lán
 []


Underfull \hbox (badness 10000) in paragraph at lines 52--53
\T1/cmr/m/n/10 to-vább fa-
 []


Underfull \hbox (badness 10000) in paragraph at lines 52--53
\T1/cmr/m/n/10 rant-sa ezt
 []


Underfull \hbox (badness 10000) in paragraph at lines 52--53
\T1/cmr/m/n/10 az ol-dalt.
 []


Underfull \hbox (badness 10000) in paragraph at lines 52--53
\T1/cmr/m/n/10 Vol-ka lírt,
 []


Underfull \hbox (badness 10000) in paragraph at lines 52--53
\T1/cmr/m/n/10 rég lo-zott,
 []


Underfull \hbox (badness 10000) in paragraph at lines 52--53
\T1/cmr/m/n/10 alam-tól
 []


Underfull \hbox (badness 10000) in paragraph at lines 52--53
\T1/cmr/m/n/10 hi-ús vagy
 []


Underfull \hbox (badness 10000) in paragraph at lines 52--53
\T1/cmr/m/n/10 ci-va-tal-be-li
 []


Underfull \hbox (badness 5475) in paragraph at lines 52--53
\T1/cmr/m/n/10 ál-lott dug-
 []


Underfull \hbox (badness 10000) in paragraph at lines 52--53
\T1/cmr/m/n/10 ló-it, száló
 []


Underfull \hbox (badness 10000) in paragraph at lines 52--53
\T1/cmr/m/n/10 könyv-e-re-it
 []


Underfull \hbox (badness 10000) in paragraph at lines 52--53
\T1/cmr/m/n/10 irt-oroz-ják
 []


Underfull \hbox (badness 10000) in paragraph at lines 52--53
\T1/cmr/m/n/10 el pro-ván
 []


Underfull \hbox (badness 10000) in paragraph at lines 52--53
\T1/cmr/m/n/10 mány-la a
 []


Underfull \hbox (badness 10000) in paragraph at lines 52--53
\T1/cmr/m/n/10 ga-lan bar-
 []


Underfull \hbox (badness 10000) in paragraph at lines 52--53
\T1/cmr/m/n/10 bar-to-zás
 []


Underfull \hbox (badness 10000) in paragraph at lines 52--53
\T1/cmr/m/n/10 er-lé-ke-zés-
 []


Underfull \hbox (badness 10000) in paragraph at lines 52--53
\T1/cmr/m/n/10 re, il-let-ve
 []


Underfull \hbox (badness 10000) in paragraph at lines 52--53
\T1/cmr/m/n/10 hal-ol-ják a
 []


Underfull \hbox (badness 10000) in paragraph at lines 52--53
\T1/cmr/m/n/10 kü-l® ih-le-
 []


Underfull \hbox (badness 2376) in paragraph at lines 52--53
\T1/cmr/m/n/10 de-get. A
 []


Underfull \hbox (badness 10000) in paragraph at lines 52--53
\T1/cmr/m/n/10 kü-l® bu-lás
 []


Underfull \hbox (badness 10000) in paragraph at lines 52--53
\T1/cmr/m/n/10 pang-já-val
 []


Underfull \hbox (badness 10000) in paragraph at lines 52--53
\T1/cmr/m/n/10 sa-vít-hat-ja
 []


Underfull \hbox (badness 10000) in paragraph at lines 52--53
\T1/cmr/m/n/10 be-gyen-be
 []


Underfull \hbox (badness 10000) in paragraph at lines 52--53
\T1/cmr/m/n/10 pal-mány
 []


Underfull \hbox (badness 10000) in paragraph at lines 52--53
\T1/cmr/m/n/10 mat-ká-mát!
 []


Underfull \hbox (badness 10000) in paragraph at lines 52--53
\T1/cmr/m/n/10 Hin-de-cer
 []


Underfull \hbox (badness 10000) in paragraph at lines 52--53
\T1/cmr/m/n/10 3-án, ka-
 []


Underfull \hbox (badness 10000) in paragraph at lines 52--53
\T1/cmr/m/n/10 zá-log-lá-son
 []


Underfull \hbox (badness 10000) in paragraph at lines 52--53
\T1/cmr/m/n/10 te-len ga-
 []


Underfull \hbox (badness 10000) in paragraph at lines 52--53
\T1/cmr/m/n/10 lá-sok a
 []


Underfull \hbox (badness 10000) in paragraph at lines 52--53
\T1/cmr/m/n/10 to-zá-so-kon,
 []


Underfull \hbox (badness 10000) in paragraph at lines 52--53
\T1/cmr/m/n/10 ódá-so-kon
 []


Underfull \hbox (badness 10000) in paragraph at lines 52--53
\T1/cmr/m/n/10 jö-vél a
 []


Underfull \hbox (badness 1112) in paragraph at lines 52--53
\T1/cmr/m/n/10 szel-lék csú-
 []


Underfull \hbox (badness 10000) in paragraph at lines 52--53
\T1/cmr/m/n/10 9 mig-ne-
 []


Underfull \hbox (badness 10000) in paragraph at lines 52--53
\T1/cmr/m/n/10 zés-kor a
 []


Underfull \hbox (badness 1496) in paragraph at lines 52--53
\T1/cmr/m/n/10 fe-d® men-ta
 []


Underfull \hbox (badness 10000) in paragraph at lines 52--53
\T1/cmr/m/n/10 rá-gyó-na
 []


Underfull \vbox (badness 10000) has occurred while \output is active []


Underfull \hbox (badness 10000) in paragraph at lines 53--53
\T1/cmr/bx/n/14.4 LYIK
 []


Underfull \hbox (badness 10000) in paragraph at lines 53--53
\T1/cmr/bx/n/14.4 ITT
 []


Overfull \hbox (1.5213pt too wide) in paragraph at lines 53--53
\T1/cmr/bx/n/14.4 GYÖN-
 []


Underfull \hbox (badness 10000) in paragraph at lines 53--53
\T1/cmr/bx/n/14.4 GYÖ-
 []

(2_6.toc)
\tf@toc=\write4
\openout4 = `2_6.toc'.


Overfull \hbox (28.41669pt too wide) in paragraph at lines 56--56
[]\T1/cmr/bx/n/14.4 második 
 []


Overfull \hbox (10.44815pt too wide) in paragraph at lines 57--57
[]\T1/cmr/bx/n/12 alesl® 
 []


Overfull \hbox (37.09444pt too wide) in paragraph at lines 58--58
[]\T1/cmr/bx/n/12 almásodik 
 []


Overfull \hbox (31.51321pt too wide) in paragraph at lines 62--63
[]\T1/cmr/m/n/10 asdasdasfd 
 []


Overfull \hbox (22.9042pt too wide) in paragraph at lines 64--64
[]\T1/cmr/m/n/10 asdasdas 
 []


Overfull \vbox (5.6419pt too high) has occurred while \output is active []


[4]
Overfull \hbox (17.01675pt too wide) in paragraph at lines 66--67
[]\T1/cmr/m/n/10 sdasfda 
 []


Overfull \vbox (2.28217pt too high) has occurred while \output is active []


[5

] (2_6.aux) ) 
Here is how much of TeX's memory you used:
 3721 strings out of 475389
 70594 string characters out of 2777472
 680242 words of memory out of 3000000
 25089 multiletter control sequences out of 15000+600000
 482323 words of font info for 52 fonts, out of 8000000 for 9000
 1141 hyphenation exceptions out of 8191
 72i,8n,77p,1866b,381s stack positions out of 10000i,1000n,20000p,200000b,80000s
 <C:\Users\Diak\AppData\Local\MiKTeX\fonts/pk/ljfour/jknappen/ec/d
pi600\ecbx1200.pk> <C:\Users\Diak\AppData\Local\MiKTeX\fonts/pk/ljfour/jknappen
/ec/dpi600\ecsl2074.pk> <C:\Users\Diak\AppData\Local\MiKTeX\fonts/pk/ljfour/jkn
appen/ec/dpi600\ecrm0800.pk> <C:\Users\Diak\AppData\Local\MiKTeX\fonts/pk/ljfou
r/jknappen/ec/dpi600\tcrm0600.pk> <C:\Users\Diak\AppData\Local\MiKTeX\fonts/pk/
ljfour/jknappen/ec/dpi600\ecrm1000.pk> <C:\Users\Diak\AppData\Local\MiKTeX\font
s/pk/ljfour/jknappen/ec/dpi600\ecbx1000.pk> <C:\Users\Diak\AppData\Local\MiKTeX
\fonts/pk/ljfour/jknappen/ec/dpi600\tcrm0700.pk> <C:\Users\Diak\AppData\Local\M
iKTeX\fonts/pk/ljfour/jknappen/ec/dpi600\ectt1000.pk> <C:\Users\Diak\AppData\Lo
cal\MiKTeX\fonts/pk/ljfour/jknappen/ec/dpi600\ecbx1440.pk> <C:\Users\Diak\AppDa
ta\Local\MiKTeX\fonts/pk/ljfour/jknappen/ec/dpi600\ecrm1200.pk> <C:\Users\Diak\
AppData\Local\MiKTeX\fonts/pk/ljfour/jknappen/ec/dpi600\ecrm1728.pk>
Output written on 2_6.pdf (7 pages, 101392 bytes).
PDF statistics:
 314 PDF objects out of 1000 (max. 8388607)
 0 named destinations out of 1000 (max. 500000)
 1 words of extra memory for PDF output out of 10000 (max. 10000000)

